1717597301003	geckodriver	INFO	Listening on 127.0.0.1:62548
1717597303962	mozrunner::runner	INFO	Running command: "C:\\Program Files\\Mozilla Firefox\\firefox.exe" "--marionette" "--remote-debugging-port" "62549" "--remote-allow-hosts" "localhost" "-no-remote" "-profile" "C:\\Users\\NAMRA~1.KAN\\AppData\\Local\\Temp\\rust_mozprofilefqgC9C"
console.warn: services.settings: Ignoring preference override of remote settings server
console.warn: services.settings: Allow by setting MOZ_REMOTE_SETTINGS_DEVTOOLS=1 in the environment
1717597305058	Marionette	INFO	Marionette enabled
Dynamically enable window occlusion 0
1717597305202	Marionette	INFO	Listening on port 62558
WebDriver BiDi listening on ws://127.0.0.1:62549
Read port: 62558
1717597305506	RemoteAgent	WARN	TLS certificate errors will be ignored for this session
DevTools listening on ws://127.0.0.1:62549/devtools/browser/5b87fb7b-0a06-4e1c-9443-39335c8fc6c9
JavaScript warning: https://pagead2.googlesyndication.com/bg/ttep1hf2xTKPY5HV4abLvqDFRXZuZQmhABAIUKmOBs4.js line 2 > eval line 7268 > eval line 1 > eval line 1 > eval, line 1: WEBGL_debug_renderer_info is deprecated in Firefox and will be removed. Please use RENDERER.
JavaScript warning: https://pagead2.googlesyndication.com/pagead/managed/js/activeview/current/ufs_web_display.js, line 77: Script terminated by timeout at:
n.next@https://pagead2.googlesyndication.com/pagead/managed/js/activeview/current/ufs_web_display.js:77:747
Rd/</<@https://pagead2.googlesyndication.com/pagead/managed/js/activeview/current/ufs_web_display.js:96:625

JavaScript warning: https://gum.criteo.com/syncframe?origin=publishertagids&topUrl=demoqa.com#{%22lwid%22:{%22origin%22:0},%22bundle%22:{%22origin%22:0},%22optout%22:{%22value%22:false,%22origin%22:0},%22tld%22:%22demoqa.com%22,%22topUrl%22:%22demoqa.com%22,%22version%22:154,%22cw%22:true,%22lsw%22:true,%22origin%22:%22publishertagids%22,%22requestId%22:%220.3491916589199553%22}, line 13: Script terminated by timeout at:
r.prototype.flushEventQueue@https://gum.criteo.com/syncframe?origin=publishertagids&topUrl=demoqa.com#{%22lwid%22:{%22origin%22:0},%22bundle%22:{%22origin%22:0},%22optout%22:{%22value%22:false,%22origin%22:0},%22tld%22:%22demoqa.com%22,%22topUrl%22:%22demoqa.com%22,%22version%22:154,%22cw%22:true,%22lsw%22:true,%22origin%22:%22publishertagids%22,%22requestId%22:%220.3491916589199553%22}:13:3137
r/<@https://gum.criteo.com/syncframe?origin=publishertagids&topUrl=demoqa.com#{%22lwid%22:{%22origin%22:0},%22bundle%22:{%22origin%22:0},%22optout%22:{%22value%22:false,%22origin%22:0},%22tld%22:%22demoqa.com%22,%22topUrl%22:%22demoqa.com%22,%22version%22:154,%22cw%22:true,%22lsw%22:true,%22origin%22:%22publishertagids%22,%22requestId%22:%220.3491916589199553%22}:13:3642

JavaScript warning: https://pagead2.googlesyndication.com/bg/ttep1hf2xTKPY5HV4abLvqDFRXZuZQmhABAIUKmOBs4.js line 2 > eval line 2243 > eval line 1 > eval line 1 > eval, line 1: WEBGL_debug_renderer_info is deprecated in Firefox and will be removed. Please use RENDERER.
JavaScript warning: https://pagead2.googlesyndication.com/bg/ttep1hf2xTKPY5HV4abLvqDFRXZuZQmhABAIUKmOBs4.js line 2 > eval line 263 > eval line 1 > eval line 1 > eval, line 1: WEBGL_debug_renderer_info is deprecated in Firefox and will be removed. Please use RENDERER.
JavaScript error: https://cdn.ad.plus/player/adplus.js, line 426: TypeError: c(...).setup is not a function
1717597334717	Marionette	WARN	Ignoring event 'DOMContentLoaded' because document has an invalid readyState of 'complete'.
1717597334732	Marionette	WARN	Ignoring event 'DOMContentLoaded' because document has an invalid readyState of 'complete'.
1717597334845	Marionette	WARN	Ignoring event 'DOMContentLoaded' because document has an invalid readyState of 'complete'.
1717597335101	addons.xpi	ERROR	System addon update list error SyntaxError: XMLHttpRequest.open: 'http://%(server)s/dummy-system-addons.xml' is not a valid URL.
1717597337076	Marionette	WARN	TimedPromise timed out after 500 ms: stacktrace:
TimedPromise/<@chrome://remote/content/marionette/sync.sys.mjs:219:24
TimedPromise@chrome://remote/content/marionette/sync.sys.mjs:203:10
interaction.flushEventLoop@chrome://remote/content/marionette/interaction.sys.mjs:466:10
webdriverClickElement@chrome://remote/content/marionette/interaction.sys.mjs:219:33
JavaScript warning: https://pagead2.googlesyndication.com/pagead/managed/js/activeview/current/ufs_web_display.js, line 77: Script terminated by timeout at:
H@https://pagead2.googlesyndication.com/pagead/managed/js/activeview/current/ufs_web_display.js:77:530
Yc@https://pagead2.googlesyndication.com/pagead/managed/js/activeview/current/ufs_web_display.js:86:604
Zc/</<@https://pagead2.googlesyndication.com/pagead/managed/js/activeview/current/ufs_web_display.js:86:1212
n.subscribe@https://pagead2.googlesyndication.com/pagead/managed/js/activeview/current/ufs_web_display.js:80:1166
wi/c/<@https://pagead2.googlesyndication.com/pagead/managed/js/activeview/current/ufs_web_display.js:153:268
n.Pd@https://pagead2.googlesyndication.com/pagead/managed/js/activeview/current/ufs_web_display.js:81:34
n.subscribe@https://pagead2.googlesyndication.com/pagead/managed/js/activeview/current/ufs_web_display.js:80:1201
vd@https://pagead2.googlesyndication.com/pagead/managed/js/activeview/current/ufs_web_display.js:92:111
bg.prototype.o@https://pagead2.googlesyndication.com/pagead/managed/js/activeview/current/ufs_web_display.js:114:562
n.next@https://pagead2.googlesyndication.com/pagead/managed/js/activeview/current/ufs_web_display.js:77:764
de.prototype.o@https://pagead2.googlesyndication.com/pagead/managed/js/activeview/current/ufs_web_display.js:100:1855
n.next@https://pagead2.googlesyndication.com/pagead/managed/js/activeview/current/ufs_web_display.js:77:764
n.Ha@https://pagead2.googlesyndication.com/pagead/managed/js/activeview/current/ufs_web_display.js:101:167
sd.prototype.o@https://pagead2.googlesyndication.com/pagead/managed/js/activeview/current/ufs_web_display.js:90:1316
n.next@https://pagead2.googlesyndication.com/pagead/managed/js/activeview/current/ufs_web_display.js:77:764
wi/c/</</<@https://pagead2.googlesyndication.com/pagead/managed/js/activeview/current/ufs_web_display.js:153:320
Wa@https://pagead2.googlesyndication.com/pagead/managed/js/activeview/current/ufs_web_display.js:47:339
Ta.prototype.flush@https://pagead2.googlesyndication.com/pagead/managed/js/activeview/current/ufs_web_display.js:47:127
Va@https://pagead2.googlesyndication.com/pagead/managed/js/activeview/current/ufs_web_display.js:46:466
wi/c/</<@https://pagead2.googlesyndication.com/pagead/managed/js/activeview/current/ufs_web_display.js:153:292
n.next@https://pagead2.googlesyndication.com/pagead/managed/js/activeview/current/ufs_web_display.js:79:490
n.o@https://pagead2.googlesyndication.com/pagead/managed/js/activeview/current/ufs_web_display.js:78:172
n.next@https://pagead2.googlesyndication.com/pagead/managed/js/activeview/current/ufs_web_display.js:77:764
qh/</</</<@https://pagead2.googlesyndication.com/pagead/managed/js/activeview/current/ufs_web_display.js:136:516
Sa.prototype.Xb/<@https://pagead2.googlesyndication.com/pagead/managed/js/activeview/current/ufs_web_display.js:46:298
qh/</</<@https://pagead2.googlesyndication.com/pagead/managed/js/activeview/current/ufs_web_display.js:136:525
n.next@https://pagead2.googlesyndication.com/pagead/managed/js/activeview/current/ufs_web_display.js:79:490
n.o@https://pagead2.googlesyndication.com/pagead/managed/js/activeview/current/ufs_web_display.js:78:172
n.next@https://pagead2.googlesyndication.com/pagead/managed/js/activeview/current/ufs_web_display.js:77:764
qh/</</</<@https://pagead2.googlesyndication.com/pagead/managed/js/activeview/current/ufs_web_display.js:136:516
Sa.prototype.Xb/<@https://pagead2.googlesyndication.com/pagead/managed/js/activeview/current/ufs_web_display.js:46:298
qh/</</<@https://pagead2.googlesyndication.com/pagead/managed/js/activeview/current/ufs_web_display.js:136:525
n.next@https://pagead2.googlesyndication.com/pagead/managed/js/activeview/current/ufs_web_display.js:79:490
n.o@https://pagead2.googlesyndication.com/pagead/managed/js/activeview/current/ufs_web_display.js:78:172
n.next@https://pagead2.googlesyndication.com/pagead/managed/js/activeview/current/ufs_web_display.js:77:764
Rd/</<@https://pagead2.googlesyndication.com/pagead/managed/js/activeview/current/ufs_web_display.js:96:625

JavaScript error: , line 0: TypeError: NetworkError when attempting to fetch resource.
JavaScript error: , line 0: TypeError: NetworkError when attempting to fetch resource.
JavaScript error: , line 0: TypeError: NetworkError when attempting to fetch resource.
1717597341095	Marionette	WARN	Ignoring event 'DOMContentLoaded' because document has an invalid readyState of 'complete'.
JavaScript warning: https://pagead2.googlesyndication.com/bg/ttep1hf2xTKPY5HV4abLvqDFRXZuZQmhABAIUKmOBs4.js line 2 > eval line 4924 > eval line 1 > eval line 1 > eval, line 1: WEBGL_debug_renderer_info is deprecated in Firefox and will be removed. Please use RENDERER.
JavaScript error: https://cdn.ad.plus/player/adplus.js, line 426: TypeError: c(...).setup is not a function
JavaScript warning: https://pagead2.googlesyndication.com/pagead/managed/js/activeview/current/ufs_web_display.js, line 79: Script terminated by timeout at:
Bc@https://pagead2.googlesyndication.com/pagead/managed/js/activeview/current/ufs_web_display.js:79:16
H@https://pagead2.googlesyndication.com/pagead/managed/js/activeview/current/ufs_web_display.js:77:628
n.subscribe@https://pagead2.googlesyndication.com/pagead/managed/js/activeview/current/ufs_web_display.js:80:1103
wi/c/<@https://pagead2.googlesyndication.com/pagead/managed/js/activeview/current/ufs_web_display.js:153:268
n.Pd@https://pagead2.googlesyndication.com/pagead/managed/js/activeview/current/ufs_web_display.js:81:34
n.subscribe@https://pagead2.googlesyndication.com/pagead/managed/js/activeview/current/ufs_web_display.js:80:1201
vd@https://pagead2.googlesyndication.com/pagead/managed/js/activeview/current/ufs_web_display.js:92:111
bg.prototype.o@https://pagead2.googlesyndication.com/pagead/managed/js/activeview/current/ufs_web_display.js:114:562
n.next@https://pagead2.googlesyndication.com/pagead/managed/js/activeview/current/ufs_web_display.js:77:764
de.prototype.o@https://pagead2.googlesyndication.com/pagead/managed/js/activeview/current/ufs_web_display.js:100:1855
n.next@https://pagead2.googlesyndication.com/pagead/managed/js/activeview/current/ufs_web_display.js:77:764
n.Ha@https://pagead2.googlesyndication.com/pagead/managed/js/activeview/current/ufs_web_display.js:101:167
sd.prototype.o@https://pagead2.googlesyndication.com/pagead/managed/js/activeview/current/ufs_web_display.js:90:1316
n.next@https://pagead2.googlesyndication.com/pagead/managed/js/activeview/current/ufs_web_display.js:77:764
wi/c/</</<@https://pagead2.googlesyndication.com/pagead/managed/js/activeview/current/ufs_web_display.js:153:320
Wa@https://pagead2.googlesyndication.com/pagead/managed/js/activeview/current/ufs_web_display.js:47:339
Ta.prototype.flush@https://pagead2.googlesyndication.com/pagead/managed/js/activeview/current/ufs_web_display.js:47:127
Va@https://pagead2.googlesyndication.com/pagead/managed/js/activeview/current/ufs_web_display.js:46:466
wi/c/</<@https://pagead2.googlesyndication.com/pagead/managed/js/activeview/current/ufs_web_display.js:153:292
n.next@https://pagead2.googlesyndication.com/pagead/managed/js/activeview/current/ufs_web_display.js:79:490
n.o@https://pagead2.googlesyndication.com/pagead/managed/js/activeview/current/ufs_web_display.js:78:172
n.next@https://pagead2.googlesyndication.com/pagead/managed/js/activeview/current/ufs_web_display.js:77:764
qh/</</</<@https://pagead2.googlesyndication.com/pagead/managed/js/activeview/current/ufs_web_display.js:136:516
Sa.prototype.Xb/<@https://pagead2.googlesyndication.com/pagead/managed/js/activeview/current/ufs_web_display.js:46:298
qh/</</<@https://pagead2.googlesyndication.com/pagead/managed/js/activeview/current/ufs_web_display.js:136:525
n.next@https://pagead2.googlesyndication.com/pagead/managed/js/activeview/current/ufs_web_display.js:79:490
n.o@https://pagead2.googlesyndication.com/pagead/managed/js/activeview/current/ufs_web_display.js:78:172
n.next@https://pagead2.googlesyndication.com/pagead/managed/js/activeview/current/ufs_web_display.js:77:764
qh/</</</<@https://pagead2.googlesyndication.com/pagead/managed/js/activeview/current/ufs_web_display.js:136:516
Sa.prototype.Xb/<@https://pagead2.googlesyndication.com/pagead/managed/js/activeview/current/ufs_web_display.js:46:298
qh/</</<@https://pagead2.googlesyndication.com/pagead/managed/js/activeview/current/ufs_web_display.js:136:525
n.next@https://pagead2.googlesyndication.com/pagead/managed/js/activeview/current/ufs_web_display.js:79:490
n.o@https://pagead2.googlesyndication.com/pagead/managed/js/activeview/current/ufs_web_display.js:78:172
n.next@https://pagead2.googlesyndication.com/pagead/managed/js/activeview/current/ufs_web_display.js:77:764
Rd/</<@https://pagead2.googlesyndication.com/pagead/managed/js/activeview/current/ufs_web_display.js:96:625

JavaScript error: , line 0: TypeError: NetworkError when attempting to fetch resource.
JavaScript warning: https://pagead2.googlesyndication.com/pagead/managed/js/activeview/current/ufs_web_display.js, line 46: Script terminated by timeout at:
Sa.prototype.Xb@https://pagead2.googlesyndication.com/pagead/managed/js/activeview/current/ufs_web_display.js:46:315
qh/</</<@https://pagead2.googlesyndication.com/pagead/managed/js/activeview/current/ufs_web_display.js:136:498
n.next@https://pagead2.googlesyndication.com/pagead/managed/js/activeview/current/ufs_web_display.js:79:490
n.o@https://pagead2.googlesyndication.com/pagead/managed/js/activeview/current/ufs_web_display.js:78:172
n.next@https://pagead2.googlesyndication.com/pagead/managed/js/activeview/current/ufs_web_display.js:77:764
Rd/</<@https://pagead2.googlesyndication.com/pagead/managed/js/activeview/current/ufs_web_display.js:96:625

JavaScript error: , line 0: TypeError: NetworkError when attempting to fetch resource.
JavaScript warning: https://pagead2.googlesyndication.com/bg/ttep1hf2xTKPY5HV4abLvqDFRXZuZQmhABAIUKmOBs4.js line 2 > eval line 956 > eval line 1 > eval line 1 > eval, line 1: WEBGL_debug_renderer_info is deprecated in Firefox and will be removed. Please use RENDERER.
JavaScript error: https://cdn.ad.plus/player/adplus.js, line 426: TypeError: c(...).setup is not a function
1717597363430	Marionette	WARN	Ignoring event 'DOMContentLoaded' because document has an invalid readyState of 'complete'.
1717597363502	Marionette	WARN	Ignoring event 'DOMContentLoaded' because document has an invalid readyState of 'complete'.
1717597363915	Marionette	INFO	Stopped listening on port 62558
JavaScript warning: https://securepubads.g.doubleclick.net/pagead/managed/js/gpt/m202405300101/pubads_impl.js, line 24: Script terminated by timeout at:
_.VL/<@https://securepubads.g.doubleclick.net/pagead/managed/js/gpt/m202405300101/pubads_impl.js:24:254829

JavaScript warning: https://widgets.outbrain.com/outbrain.js, line 521: Script terminated by timeout at:
ccs/</OBR.am</b.A@https://widgets.outbrain.com/outbrain.js:521:235
Jb@https://widgets.outbrain.com/outbrain.js:408:198
ccs/</b.Pc/<@https://widgets.outbrain.com/outbrain.js:449:160

Dynamically enable window occlusion 1
*** UTM:SVC TimerManager:registerTimer called after profile-before-change notification. Ignoring timer registration for id: telemetry_modules_ping
*** UTM:SVC TimerManager:registerTimer called after profile-before-change notification. Ignoring timer registration for id: telemetry_untrustedmodules_ping
